2025-04-02T14:38:14.009Z [info]: POST /api/users/login 200 528 - 223.251 ms
2025-04-02T14:40:49.384Z [info]: POST /api/users/login 200 528 - 197.705 ms
2025-04-02T14:40:54.520Z [info]: POST /api/users/login 200 528 - 194.379 ms
2025-04-02T14:42:41.710Z [info]: POST /api/users/login 401 41 - 116.042 ms
2025-04-02T14:53:29.772Z [info]: POST /api/users/login 200 528 - 1382.255 ms
2025-04-02T14:53:30.544Z [info]: POST /api/users/login 200 528 - 2151.571 ms
2025-04-02T14:54:00.175Z [info]: POST /api/users/login 200 528 - 224.053 ms
2025-04-02T14:54:19.805Z [info]: POST /api/users/login 200 528 - 202.329 ms
2025-04-02T14:54:40.484Z [info]: POST /api/users/login 200 528 - 253.951 ms
2025-04-02 22:19:35 [info]: POST /api/users/login 200 528 - 454.941 ms
2025-04-02 22:20:19 [info]: POST /api/users/login 401 31 - 571.855 ms
2025-04-02 22:20:23 [info]: POST /api/users/login 401 31 - 604.744 ms
2025-04-02 22:20:57 [info]: POST /api/users/login 200 511 - 203.330 ms
2025-04-02 22:26:28 [info]: POST /api/users/login 200 511 - 1052.356 ms
2025-04-02 22:26:29 [info]: POST /api/users/login 200 511 - 734.577 ms
2025-04-02 22:26:48 [info]: POST /api/users/login 200 511 - 357.714 ms
2025-04-02T16:58:00.677Z [info]: POST /api/users/login 200 482 - 634.466 ms
2025-04-02T18:46:36.606Z [info]: POST /api/users/login 200 499 - 957.204 ms
2025-04-02T18:53:28.595Z [info]: POST /api/users/login 200 499 - 222.797 ms
2025-04-02T18:53:32.664Z [info]: POST /api/users/login 200 499 - 202.387 ms
2025-04-02T19:57:50.694Z [info]: POST /api/users/login 200 482 - 227.883 ms
2025-04-02T20:02:31.018Z [info]: POST /api/users/login 200 482 - 184.067 ms
2025-04-02T20:03:58.797Z [info]: POST /api/users/login 200 486 - 215.625 ms
2025-04-02T20:04:00.645Z [info]: POST /api/users/login 200 486 - 227.333 ms
2025-04-02T20:05:48.011Z [info]: POST /api/users/login 200 499 - 200.147 ms
2025-04-02T20:26:59.240Z [info]: POST /api/users/login 401 27 - 123.271 ms
2025-04-02T20:27:44.179Z [info]: POST /api/users/login 200 528 - 1117.339 ms
2025-04-02T20:27:45.622Z [info]: POST /api/users/login 200 528 - 176.531 ms
2025-04-02T20:27:47.020Z [info]: POST /api/users/login 200 528 - 190.197 ms
2025-04-02T20:27:47.993Z [info]: POST /api/users/login 200 528 - 207.828 ms
2025-04-02T20:27:55.934Z [info]: POST /api/users/login 200 511 - 238.525 ms
2025-04-02T20:27:57.376Z [info]: POST /api/users/login 200 511 - 180.723 ms
2025-04-02T20:28:06.835Z [info]: POST /api/users/login 200 511 - 226.205 ms
2025-04-02T20:28:08.385Z [info]: POST /api/users/login 200 511 - 235.026 ms
2025-04-02T20:28:08.718Z [info]: POST /api/users/login 200 511 - 198.804 ms
2025-04-02T20:28:08.970Z [info]: POST /api/users/login 200 511 - 230.452 ms
2025-04-02T20:28:44.942Z [info]: POST /api/users/login 200 511 - 182.635 ms
2025-04-02T20:28:45.935Z [info]: POST /api/users/login 200 511 - 186.404 ms
2025-04-02T20:29:02.121Z [info]: POST /api/users/login 200 511 - 198.537 ms
2025-04-02T20:29:04.843Z [info]: POST /api/users/login 200 511 - 173.970 ms
2025-04-02T20:31:55.784Z [info]: POST /api/users/login 200 511 - 251.257 ms
2025-04-02T20:32:07.752Z [info]: POST /api/users/login 200 511 - 197.453 ms
2025-04-02T20:32:28.824Z [info]: POST /api/users/login 401 31 - 190.671 ms
2025-04-02T20:32:30.016Z [info]: POST /api/users/login 401 31 - 229.495 ms
2025-04-02T20:32:52.819Z [info]: POST /api/users/login 200 511 - 214.679 ms
2025-04-02T20:32:54.115Z [info]: POST /api/users/login 200 511 - 255.321 ms
2025-04-02T20:35:22.474Z [info]: POST /api/users/login 200 511 - 181.543 ms
2025-04-05T07:26:05.226Z [info]: POST /api/users/login 401 31 - 1342.295 ms
2025-04-05T07:29:06.804Z [info]: POST /api/users/register 400 47 - 133.646 ms
2025-04-05T07:29:15.911Z [info]: POST /api/users/register 400 47 - 99.626 ms
2025-04-05T07:29:16.556Z [info]: POST /api/users/register 400 47 - 96.765 ms
2025-04-05T07:29:16.718Z [info]: POST /api/users/register 400 47 - 116.956 ms
2025-04-05T07:30:32.113Z [info]: POST /api/users/register 201 308 - 303.831 ms
2025-04-05T07:30:46.891Z [info]: POST /api/users/login 200 528 - 224.505 ms
2025-04-05T07:30:53.758Z [info]: POST /api/users/login 200 511 - 204.576 ms
2025-04-05T07:30:54.706Z [info]: POST /api/users/login 200 511 - 180.865 ms
2025-04-05T07:32:10.561Z [info]: POST /api/users/login 200 524 - 178.895 ms
2025-04-05T07:32:11.851Z [info]: POST /api/users/login 200 524 - 172.055 ms
2025-04-05T07:32:18.854Z [info]: POST /api/users/login 200 524 - 254.245 ms
2025-04-05T07:32:38.455Z [info]: POST /api/users/login 401 31 - 154.139 ms
2025-04-05T07:32:40.477Z [info]: POST /api/users/login 401 31 - 176.560 ms
2025-04-05T07:34:02.166Z [info]: POST /api/users/login 401 31 - 215.792 ms
2025-04-05T07:34:07.142Z [info]: POST /api/users/login 200 524 - 226.439 ms
2025-04-05T07:39:05.810Z [info]: POST /api/users/login 401 31 - 232.523 ms
2025-04-05T09:32:17.768Z [info]: POST /api/users/login 200 511 - 1131.043 ms
2025-04-05T09:44:50.036Z [info]: POST /api/users/login 200 567 - 382.957 ms
2025-04-05T09:45:31.845Z [info]: POST /api/users/login 200 567 - 301.652 ms
2025-04-05T09:46:29.237Z [info]: POST /api/users/register 201 320 - 309.990 ms
2025-04-05T09:46:43.105Z [info]: POST /api/users/login 200 558 - 276.204 ms
2025-04-05T09:49:38.924Z [info]: POST /api/users/login 200 550 - 404.823 ms
2025-04-05T09:50:17.620Z [info]: POST /api/users/login 200 563 - 345.921 ms
2025-04-05T10:02:17.191Z [info]: POST /api/users/login 200 567 - 280.455 ms
2025-04-05T10:02:17.499Z [info]: POST /api/users/login 200 567 - 303.095 ms
2025-04-05T10:10:18.882Z [info]: POST /api/users/login 401 31 - 213.981 ms
2025-04-05T10:10:24.119Z [info]: POST /api/users/login 401 31 - 136.308 ms
2025-04-05T10:42:23.741Z [info]: POST /api/users/login 401 31 - 210.661 ms
2025-04-05T10:42:25.757Z [info]: POST /api/users/login 401 31 - 218.791 ms
2025-04-05T10:42:45.571Z [info]: POST /api/users/login 401 31 - 201.951 ms
2025-04-05T10:42:46.326Z [info]: POST /api/users/login 401 31 - 291.500 ms
2025-04-05T10:42:46.572Z [info]: POST /api/users/login 401 31 - 214.199 ms
2025-04-05T10:42:47.111Z [info]: POST /api/users/login 401 31 - 212.254 ms
2025-04-05T10:45:16.508Z [info]: POST /api/users/login 401 31 - 281.777 ms
2025-04-05T10:45:17.589Z [info]: POST /api/users/login 401 31 - 285.033 ms
2025-04-05T10:45:18.534Z [info]: POST /api/users/login 401 31 - 248.029 ms
2025-04-05T10:45:44.778Z [info]: POST /api/users/login 401 31 - 206.882 ms
2025-04-05T10:45:45.713Z [info]: POST /api/users/login 401 31 - 156.278 ms
2025-04-05T10:46:27.928Z [info]: POST /api/users/login 200 567 - 335.849 ms
2025-04-05T11:12:02.539Z [info]: POST /api/users/register 201 324 - 344.666 ms
2025-04-05T11:12:21.828Z [info]: POST /api/users/login 401 31 - 97.220 ms
2025-04-05T11:12:23.586Z [info]: POST /api/users/login 401 31 - 94.893 ms
2025-04-05T11:12:58.081Z [info]: POST /api/users/login 200 562 - 351.300 ms
2025-04-05T14:44:05.618Z [info]: POST /api/users/login 401 77 - 30072.925 ms
2025-04-05T14:44:07.220Z [info]: POST /api/users/login 401 77 - 30011.942 ms
2025-04-05T14:44:18.132Z [info]: POST /api/users/login 401 77 - 30011.993 ms
2025-04-05T15:32:18.183Z [info]: POST /api/users/login 401 31 - 178.511 ms
2025-04-05T15:32:34.278Z [info]: POST /api/users/login 200 567 - 329.378 ms
2025-04-17T16:02:58.106Z [info]: POST /api/users/login 401 31 - 871.753 ms
2025-04-17T16:03:03.150Z [info]: POST /api/users/login 200 550 - 341.191 ms
2025-04-17T17:06:49.867Z [info]: POST /api/users/register 201 310 - 1100.873 ms
2025-04-17T17:07:02.230Z [info]: POST /api/users/login 200 552 - 313.577 ms
2025-04-17T17:14:50.094Z [info]: POST /api/users/register 201 310 - 346.372 ms
2025-04-17T17:15:04.335Z [info]: POST /api/users/login 200 552 - 280.113 ms
2025-04-17T17:28:09.035Z [info]: POST /api/users/login 200 550 - 1249.690 ms
2025-04-17T18:22:44.364Z [info]: POST /api/users/login 200 550 - 364.222 ms
2025-04-27T15:37:21.629Z [info]: POST /api/users/login 401 31 - 137.904 ms
2025-04-27T15:37:30.865Z [info]: POST /api/users/login 401 31 - 212.610 ms
2025-04-27T15:37:31.798Z [info]: POST /api/users/login 401 31 - 218.770 ms
2025-04-27T15:38:21.149Z [info]: POST /api/users/login 401 31 - 146.741 ms
2025-04-27T15:38:30.668Z [info]: POST /api/users/login 200 545 - 307.968 ms
2025-04-27T15:39:21.120Z [info]: POST /api/users/register 201 323 - 339.530 ms
2025-04-27T15:39:35.202Z [info]: POST /api/users/login 200 565 - 400.574 ms
2025-04-27T17:00:04.371Z [info]: GET /users/current 404 152 - 10.167 ms
2025-04-27T17:00:11.745Z [info]: POST /residents/reg 404 153 - 0.614 ms
2025-04-27T17:00:12.593Z [info]: POST /residents/reg 404 153 - 0.171 ms
2025-04-30T07:00:24.523Z [info]: POST /api/users/login 200 565 - 333.562 ms
2025-04-30T07:31:44.932Z [info]: POST /api/users/login 401 31 - 230.757 ms
2025-04-30T07:31:56.943Z [info]: POST /api/users/login 200 565 - 368.908 ms
2025-04-30T07:52:15.301Z [info]: POST /api/vehicles/register 500 102 - 21.653 ms
2025-04-30T08:00:46.400Z [info]: POST /api/vehicles/register 201 3288 - 345.598 ms
2025-04-30T09:08:19.739Z [info]: POST /api/users/login 401 31 - 245.293 ms
2025-04-30T09:08:27.837Z [info]: POST /api/users/login 200 565 - 319.815 ms
2025-04-30T09:08:40.875Z [info]: POST /api/vehicles/register 201 2862 - 265.190 ms
2025-04-30T09:22:03.925Z [info]: POST /api/users/login 200 565 - 929.869 ms
2025-04-30T09:24:34.014Z [info]: POST /api/users/login 200 565 - 305.715 ms
2025-04-30T09:24:46.750Z [info]: POST /api/vehicles/register 201 2814 - 327.941 ms
2025-04-30T09:26:56.296Z [info]: GET /api/users/$%7B67e3aefd0171babc3e57b3a3%7D 404 180 - 1.459 ms
2025-04-30T09:27:05.999Z [info]: GET /api/users/67e3aefd0171babc3e57b3a3 404 173 - 0.226 ms
2025-04-30T09:27:30.340Z [info]: GET /api/users/all 404 152 - 0.124 ms
2025-04-30T09:27:48.896Z [info]: GET /api/users/67ec400ff575dc242921444b 404 173 - 0.199 ms
2025-04-30T09:27:59.771Z [info]: PATCH /api/users/67ec400ff575dc242921444b 404 175 - 0.119 ms
2025-04-30T09:36:37.548Z [info]: POST /api/users/login 200 565 - 1113.745 ms
2025-04-30T09:42:03.145Z [info]: POST /api/vehicles/register 201 2813 - 295.306 ms
2025-04-30T09:42:03.861Z [info]: POST /api/vehicles/register 201 2813 - 251.081 ms
2025-04-30T09:43:49.425Z [info]: POST /api/vehicles/register 201 2813 - 267.747 ms
2025-04-30T09:44:04.249Z [info]: POST /api/vehicles/register 201 2814 - 258.028 ms
2025-04-30T09:48:57.848Z [info]: POST /api/users/login 200 565 - 317.255 ms
2025-05-01T05:48:03.140Z [info]: POST /api/users/login 200 565 - 1181.884 ms
2025-05-01T07:08:17.338Z [info]: POST /api/vehicles/register 201 2880 - 1104.739 ms
2025-05-01T07:24:38.978Z [info]: POST /api/users/login 200 565 - 372.321 ms
2025-05-01T07:25:35.718Z [info]: PATCH /api/users/$%7BuserId%7D 404 164 - 4.927 ms
2025-05-01T07:26:07.585Z [info]: GET /api/users 404 148 - 1.059 ms
2025-05-01T07:27:04.143Z [info]: GET /api/users//users 500 1744 - 10.887 ms
2025-05-01T07:28:58.075Z [info]: GET /api/users/users 500 1744 - 1.551 ms
2025-05-01T07:29:18.240Z [info]: GET /api/users/users 500 1744 - 3.374 ms
2025-05-01T07:30:16.937Z [info]: GET /api/users/ 500 1744 - 1.630 ms
2025-05-01T07:30:21.378Z [info]: GET /api/users 500 1744 - 0.557 ms
2025-05-01T07:33:16.796Z [info]: GET /api/users 404 148 - 1.568 ms
2025-05-01T07:33:25.064Z [info]: GET /api/users/users 500 1744 - 1.390 ms
2025-05-01T07:33:50.406Z [info]: POST /api/users/login 200 565 - 363.535 ms
2025-05-01T07:43:51.162Z [info]: GET /api/users/6811d8ae51a37ec1dc4c2f02 404 173 - 1.213 ms
2025-05-01T07:44:10.272Z [info]: GET /api/users/ 404 149 - 1.870 ms
2025-05-01T07:44:15.867Z [info]: GET /api/users/users 500 1744 - 1.130 ms
2025-05-01T07:44:27.556Z [info]: GET /api/users/users/6811d8ae51a37ec1dc4c2f02 500 1734 - 0.646 ms
2025-05-01T07:52:14.243Z [info]: GET /api/users/users/:6811d8ae51a37ec1dc4c2f02 500 1734 - 1.965 ms
2025-05-01T07:53:20.972Z [info]: GET /api/users/6811d8ae51a37ec1dc4c2f02%0A 404 176 - 0.167 ms
2025-05-01T07:59:13.684Z [info]: GET /api/users/6811d8ae51a37ec1dc4c2f02 404 173 - 0.400 ms
2025-05-01T07:59:15.071Z [info]: GET /api/users/6811d8ae51a37ec1dc4c2f02 404 173 - 0.159 ms
2025-05-01T08:02:38.952Z [info]: GET /api/users/67f1100233449d002d602d22 404 173 - 0.242 ms
2025-05-01T08:02:40.280Z [info]: GET /api/users/67f1100233449d002d602d22 404 173 - 1.582 ms
2025-05-01T08:03:24.176Z [info]: POST /api/users/register 201 304 - 1126.368 ms
2025-05-01T08:03:44.844Z [info]: POST /api/users/login 200 546 - 330.772 ms
2025-05-01T08:04:45.787Z [info]: GET /api/users/68132acc297930d7c9158664 404 173 - 0.602 ms
2025-05-01T08:04:58.012Z [info]: GET /api/users/users/68132acc297930d7c9158664 500 1734 - 2.326 ms
2025-05-01T08:05:35.149Z [info]: GET /api/users/68132acc297930d7c9158664 500 1734 - 2.112 ms
2025-05-01T08:05:36.394Z [info]: GET /api/users/68132acc297930d7c9158664 500 1734 - 0.548 ms
2025-05-01T08:05:50.662Z [info]: GET /api/users/ 404 149 - 1.091 ms
2025-05-01T08:06:00.734Z [info]: GET /api/users/users 500 1744 - 0.967 ms
2025-05-01T08:12:16.470Z [info]: GET /api/users/users 401 45 - 1.526 ms
2025-05-01T08:12:37.050Z [info]: GET /api/users/users 401 45 - 1.598 ms
2025-05-01T08:12:42.177Z [info]: GET /api/users/users 401 45 - 0.318 ms
2025-05-01T08:13:09.614Z [info]: GET /api/users/users 401 45 - 2.345 ms
2025-05-01T08:13:15.921Z [info]: GET /api/users/users 401 45 - 0.456 ms
2025-05-01T09:14:43.181Z [info]: GET /api/users/login 404 154 - 1.270 ms
2025-05-01T09:15:18.049Z [info]: GET /api/users/login 404 154 - 0.340 ms
2025-05-01T09:15:19.094Z [info]: GET /api/users/login 404 154 - 0.843 ms
2025-05-01T09:23:06.856Z [info]: POST /api/users/register 201 308 - 414.914 ms
2025-05-01T09:26:24.899Z [info]: POST /api/users/login 200 291 - 833.882 ms
2025-05-01T09:45:29.969Z [info]: POST /api/users/login function status(code) {
  if ((typeof code === 'string' || Math.floor(code) !== code) && code > 99 && code < 1000) {
    deprecate('res.status(' + JSON.stringify(code) + '): use res.status(' + Math.floor(code) + ') instead')
  }
  this.statusCode = code;
  return this;
} 339 - 315.316 ms
2025-05-01T09:46:08.795Z [info]: POST /api/users/login function status(code) {
  if ((typeof code === 'string' || Math.floor(code) !== code) && code > 99 && code < 1000) {
    deprecate('res.status(' + JSON.stringify(code) + '): use res.status(' + Math.floor(code) + ') instead')
  }
  this.statusCode = code;
  return this;
} 339 - 402.476 ms
2025-05-01T09:48:23.101Z [info]: POST /api/users/login 401 31 - 198.259 ms
2025-05-01T09:48:39.983Z [info]: POST /api/users/login 200 565 - 375.393 ms
2025-05-01T09:49:49.122Z [info]: POST /api/users/login 200 565 - 370.428 ms
2025-05-01T09:51:44.198Z [info]: POST /api/users/login 200 565 - 318.480 ms
2025-05-01T10:34:10.805Z [info]: GET /api/users/users 401 45 - 1.909 ms
2025-05-01T10:41:44.942Z [info]: POST /api/users/login 401 27 - 185.217 ms
2025-05-01T10:42:05.777Z [info]: POST /api/users/login 200 565 - 1238.671 ms
2025-05-01T10:42:06.288Z [info]: POST /api/users/login 200 565 - 312.093 ms
2025-05-01T10:42:06.301Z [info]: POST /api/users/login - - - - ms
2025-05-01T10:43:18.441Z [info]: GET /api/users/users 401 45 - 0.527 ms
2025-05-01T10:43:21.378Z [info]: GET /api/users/users 401 45 - 0.196 ms
2025-05-01T10:43:22.107Z [info]: GET /api/users/users 401 45 - 0.295 ms
2025-05-01T10:43:22.234Z [info]: GET /api/users/users 401 45 - 0.334 ms
2025-05-01T10:43:22.350Z [info]: GET /api/users/users 401 45 - 0.243 ms
2025-05-01T10:43:22.571Z [info]: GET /api/users/users 401 45 - 0.239 ms
2025-05-01T10:45:25.141Z [info]: GET /api/users/users 401 45 - 1.542 ms
2025-05-01T10:45:29.666Z [info]: GET /api/users/users 401 45 - 0.657 ms
2025-05-01T10:45:35.071Z [info]: GET /api/users/users 401 45 - 0.223 ms
2025-05-01T10:45:36.809Z [info]: GET /api/users/users 401 45 - 0.210 ms
2025-05-01T11:24:32.298Z [info]: GET /api/users 404 148 - 5.124 ms
2025-05-01T11:27:32.805Z [info]: GET /api/users 404 148 - 2.100 ms
2025-05-01T11:27:42.465Z [info]: GET /api/users 404 148 - 0.348 ms
2025-05-01T11:41:21.555Z [info]: GET /api/users 404 148 - 3.656 ms
2025-05-01T11:41:24.937Z [info]: GET /api/users 404 148 - 0.669 ms
2025-05-01T11:42:09.953Z [info]: GET /api/users 404 148 - 0.399 ms
2025-05-01T11:43:44.575Z [info]: GET /api/users 404 148 - 0.750 ms
2025-05-01T11:43:47.951Z [info]: GET /api/users 404 148 - 57.848 ms
2025-05-01T11:44:34.473Z [info]: GET /api/users/users 401 37 - 28.968 ms
2025-05-01T11:44:44.855Z [info]: GET /api/users/users 401 37 - 99.314 ms
2025-05-01T11:44:47.043Z [info]: GET /api/users/users 401 37 - 53.984 ms
2025-05-01T11:45:29.100Z [info]: GET /api/users/users 401 37 - 1.377 ms
2025-05-01T11:46:29.314Z [info]: GET /api/users/users 401 37 - 1.279 ms
2025-05-01T11:46:58.524Z [info]: POST /api/users/login 401 27 - 134.211 ms
2025-05-01T11:49:51.756Z [info]: POST /api/users/login 200 565 - 1037.409 ms
2025-05-01T11:49:56.938Z [info]: GET /api/users/users 200 5311 - 134.871 ms
2025-05-01T11:57:58.552Z [info]: GET /api/users/users 304 - - 908.393 ms
2025-05-01T11:58:00.066Z [info]: GET /api/users/users 304 - - 126.047 ms
2025-05-01T11:58:01.139Z [info]: GET /api/users/users 304 - - 133.911 ms
2025-05-01T12:04:12.190Z [info]: GET /api/users/users 404 104 - 7.548 ms
2025-05-01T12:04:27.650Z [info]: GET /api/users 200 5311 - 129.060 ms
2025-05-01T12:04:31.139Z [info]: GET /api/users 304 - - 113.522 ms
2025-05-01T12:05:05.780Z [info]: GET /api/users 401 45 - 0.227 ms
2025-05-01T12:05:25.447Z [info]: GET /api/users 401 45 - 0.380 ms
2025-05-01T12:05:26.595Z [info]: GET /api/users 401 45 - 0.168 ms
2025-05-01T12:05:36.835Z [info]: GET /api/users 401 45 - 0.845 ms
2025-05-01T12:10:40.052Z [info]: GET /api/users 304 - - 766.023 ms
2025-05-01T12:16:05.828Z [info]: GET /api/users 200 5311 - 127.641 ms
2025-05-01T12:19:54.821Z [info]: GET /api/users 304 - - 140.316 ms
2025-05-01T12:20:18.262Z [info]: POST /api/users/login 200 565 - 375.627 ms
2025-05-01T12:25:32.136Z [info]: POST /api/vehicles/register 404 161 - 8.136 ms
2025-05-01T12:26:02.063Z [info]: POST /api/vehicles/register 404 161 - 0.308 ms
2025-05-01T12:26:02.841Z [info]: POST /api/vehicles/vregister 404 162 - 0.839 ms
2025-05-01T12:26:02.982Z [info]: POST /api/vehicles/vregister 404 162 - 0.191 ms
2025-05-01T12:26:03.123Z [info]: POST /api/vehicles/vregister 404 162 - 1.038 ms
2025-05-01T12:26:03.355Z [info]: POST /api/vehicles/vregister 404 162 - 0.153 ms
2025-05-01T12:51:12.068Z [info]: POST /api/vehicles/vregister 201 3271 - 1116.247 ms
2025-05-01T12:51:12.752Z [info]: POST /api/vehicles/vregister 201 3271 - 239.293 ms
2025-05-01T12:51:59.583Z [info]: POST /api/vehicles/vregister 201 3267 - 315.188 ms
2025-05-01T12:53:48.600Z [info]: POST /api/vehicles/vregister 201 3267 - 253.368 ms
2025-05-01T12:53:59.235Z [info]: POST /api/vehicles/vregister 201 3267 - 267.580 ms
2025-05-01T12:54:01.515Z [info]: POST /api/vehicles/vregister 201 3267 - 249.495 ms
2025-05-01T12:54:07.309Z [info]: POST /api/vehicles/vregister 201 3267 - 241.975 ms
2025-05-01T12:54:11.322Z [info]: POST /api/vehicles/vregister 201 3251 - 234.258 ms
2025-05-01T12:54:17.524Z [info]: POST /api/vehicles/vregister 201 3247 - 265.142 ms
2025-05-01T13:24:23.223Z [info]: POST /api/users/login 200 565 - 458.106 ms
2025-05-01T13:24:37.620Z [info]: GET /api/users 200 5311 - 172.062 ms
2025-05-01T13:24:53.124Z [info]: POST /api/vehicles/vregister 201 1367 - 300.298 ms
2025-05-01T13:38:52.835Z [info]: POST /api/users/login 200 565 - 1346.927 ms
2025-05-01T13:38:53.146Z [info]: POST /api/users/login 200 565 - 475.647 ms
2025-05-01T13:38:53.216Z [info]: POST /api/users/login 200 565 - 1083.775 ms
2025-05-01T13:38:53.368Z [info]: POST /api/users/login - - - - ms
2025-05-01T13:39:03.096Z [info]: POST /api/vehicles/vregister 201 1367 - 339.796 ms
2025-05-01T13:43:54.798Z [info]: POST /api/users/login 200 565 - 405.001 ms
2025-05-01T13:45:13.955Z [info]: POST /api/vehicles/vregister 201 1367 - 290.843 ms
2025-05-01T13:46:03.894Z [info]: POST /api/vehicles/vregister 201 1367 - 422.596 ms
2025-05-01T13:50:35.614Z [info]: GET /api/residents/680e4fa9ed87641863d21cf1 404 177 - 20.227 ms
2025-05-01T14:02:04.150Z [info]: POST /api/vehicles/vregister 201 1367 - 400.496 ms
2025-05-01T14:02:05.094Z [info]: POST /api/vehicles/vregister 201 1367 - 452.035 ms
2025-05-01T14:02:05.736Z [info]: POST /api/vehicles/vregister 201 1367 - 245.692 ms
2025-05-01T14:07:06.931Z [info]: GET /api/users/kavishka.chathumadura250@gmail.com 401 45 - 5.695 ms
2025-05-01T14:07:13.077Z [info]: GET /api/users/kavishka.chathumadura250@gmail.com 401 45 - 0.356 ms
2025-05-01T14:08:03.478Z [info]: POST /api/users/login 200 565 - 424.353 ms
2025-05-01T14:08:14.326Z [info]: GET /api/users/kavishka.chathumadura250@gmail.com 404 133 - 12.504 ms
2025-05-01T14:09:27.154Z [info]: GET /api/users/users 401 45 - 0.393 ms
2025-05-01T14:09:30.363Z [info]: GET /api/users 401 45 - 0.279 ms
2025-05-01T14:09:48.155Z [info]: GET /api/users/kavishka.chathumadura250@gmail.com 401 45 - 0.218 ms
2025-05-01T14:09:49.566Z [info]: GET /api/users/kavishka.chathumadura250@gmail.com 401 45 - 0.195 ms
2025-05-01T14:09:57.541Z [info]: GET /api/users 401 45 - 0.536 ms
2025-05-01T14:09:58.380Z [info]: GET /api/users 401 45 - 0.252 ms
2025-05-01T14:09:58.990Z [info]: GET /api/users 401 45 - 0.218 ms
2025-05-01T14:09:59.144Z [info]: GET /api/users 401 45 - 0.189 ms
2025-05-01T14:09:59.307Z [info]: GET /api/users 401 45 - 0.227 ms
2025-05-01T14:09:59.466Z [info]: GET /api/users 401 45 - 0.196 ms
2025-05-01T14:09:59.611Z [info]: GET /api/users 401 45 - 0.204 ms
2025-05-01T14:09:59.763Z [info]: GET /api/users 401 45 - 0.162 ms
2025-05-01T14:09:59.901Z [info]: GET /api/users 401 45 - 0.280 ms
2025-05-01T14:10:00.038Z [info]: GET /api/users 401 45 - 0.199 ms
2025-05-01T14:10:00.186Z [info]: GET /api/users 401 45 - 0.162 ms
2025-05-01T14:10:00.334Z [info]: GET /api/users 401 45 - 0.158 ms
2025-05-01T14:10:00.478Z [info]: GET /api/users 401 45 - 0.158 ms
2025-05-01T14:10:00.600Z [info]: GET /api/users 401 45 - 0.164 ms
2025-05-01T14:10:00.748Z [info]: GET /api/users 401 45 - 0.164 ms
2025-05-01T14:10:00.909Z [info]: GET /api/users 401 45 - 0.155 ms
2025-05-01T14:10:01.066Z [info]: GET /api/users 401 45 - 0.156 ms
2025-05-01T14:10:01.288Z [info]: GET /api/users 401 45 - 0.174 ms
2025-05-01T14:17:55.402Z [info]: GET /api/users/kavishka.chathumadura250@gmail.com 404 133 - 9.578 ms
2025-05-01T14:19:10.635Z [info]: GET /api/users/kavishka.chathumadura250@gmail.com 404 32 - 5.085 ms
2025-05-01T14:20:06.854Z [info]: GET /api/users/kavishka.chathumadura250@gmail.com 404 32 - 2.267 ms
2025-05-01T14:22:28.800Z [info]: GET /api/users/$%7Bemail%7D 404 32 - 4.911 ms
2025-05-01T14:22:32.998Z [info]: GET /api/users/$%7Bemail%7D 404 32 - 3.128 ms
2025-05-01T14:22:34.604Z [info]: GET /api/users/$%7Bemail%7D 404 32 - 3.045 ms
2025-05-01T14:22:54.339Z [info]: POST /api/users/login 200 565 - 395.709 ms
2025-05-01T14:23:04.418Z [info]: GET /api/users/$%7Bemail%7D 404 32 - 1.214 ms
2025-05-01T14:31:48.015Z [info]: GET /api/users/$%7Bemail%7D 404 32 - 4.625 ms
2025-05-01T14:31:50.848Z [info]: GET /api/users/$%7Bemail%7D 404 32 - 2.314 ms
2025-05-01T14:33:17.931Z [info]: GET /api/users/kavishka.chathumadura250@gmail.com 404 32 - 10.408 ms
2025-05-01T14:33:21.503Z [info]: GET /api/users/kavishka.chathumadura250@gmail.com 404 32 - 4.954 ms
2025-05-01T14:33:23.408Z [info]: GET /api/users/kavishka.chathumadura250@gmail.com 404 32 - 1.421 ms
2025-05-01T14:33:23.861Z [info]: GET /api/users/kavishka.chathumadura250@gmail.com 404 32 - 3.401 ms
2025-05-01T14:35:22.701Z [info]: GET /api/users 200 5311 - 168.834 ms
2025-05-01T14:35:28.845Z [info]: GET /api/users/ 200 5311 - 121.097 ms
2025-05-01T14:35:43.704Z [info]: GET /api/users/$%7Bemail%7D 404 32 - 1.894 ms
2025-05-01T14:35:54.203Z [info]: GET /api/users/$%7Bemail%7D 404 32 - 1.073 ms
2025-05-01T14:40:37.968Z [info]: GET /api/users/example@email.com 404 32 - 2.896 ms
2025-05-01T14:40:48.945Z [info]: GET /api/users/example@email.com 404 32 - 1.063 ms
2025-05-01T14:41:33.588Z [info]: GET /api/users/example@email.com 404 32 - 3.599 ms
2025-05-01T14:41:34.581Z [info]: GET /api/users/example@email.com 404 32 - 1.858 ms
2025-05-01T14:41:35.905Z [info]: GET /api/users/example@email.com 404 32 - 1.861 ms
2025-05-01T14:42:10.831Z [info]: GET /api/users/example@email.com 500 24 - 1.671 ms
2025-05-01T14:42:11.736Z [info]: GET /api/users/example@email.com 500 24 - 0.554 ms
2025-05-01T14:42:11.905Z [info]: GET /api/users/example@email.com 500 24 - 0.479 ms
2025-05-01T14:42:12.132Z [info]: GET /api/users/example@email.com 500 24 - 0.299 ms
2025-05-01T14:42:12.889Z [info]: GET /api/users/example@email.com 500 24 - 0.403 ms
2025-05-01T14:42:13.060Z [info]: GET /api/users/example@email.com 500 24 - 0.405 ms
2025-05-01T14:42:13.204Z [info]: GET /api/users/example@email.com 500 24 - 0.283 ms
2025-05-01T14:42:13.425Z [info]: GET /api/users/example@email.com 500 24 - 0.308 ms
2025-05-01T14:42:13.727Z [info]: GET /api/users/example@email.com 500 24 - 0.617 ms
2025-05-01T14:42:13.877Z [info]: GET /api/users/example@email.com 500 24 - 0.275 ms
2025-05-01T14:42:14.094Z [info]: GET /api/users/example@email.com 500 24 - 0.247 ms
2025-05-01T14:42:27.056Z [info]: GET /api/users/example@email.com 404 32 - 3.615 ms
2025-05-01T15:10:55.505Z [info]: POST /api/users/login 200 565 - 370.772 ms
2025-05-01T15:12:34.652Z [info]: GET /api/users 401 45 - 0.838 ms
2025-05-01T15:12:37.936Z [info]: GET /api/users 401 45 - 0.389 ms
2025-05-01T15:12:50.507Z [info]: GET /api/users/email 401 45 - 0.370 ms
2025-05-01T15:18:11.807Z [info]: GET /api/users 200 5311 - 172.172 ms
2025-05-01T15:18:41.809Z [info]: GET /api/users/$%7Buserid%7D 404 108 - 11.243 ms
2025-05-01T15:20:55.857Z [info]: POST /api/users/login 200 565 - 997.466 ms
2025-05-01T15:20:58.543Z [info]: GET /api/users/$%7Buserid%7D 404 108 - 2.126 ms
2025-05-01T15:29:08.507Z [info]: POST /api/users/login 200 565 - 1201.779 ms
2025-05-01T15:29:12.036Z [info]: GET /api/users/680e4fa9ed87641863d21cf1 200 345 - 104.547 ms
2025-05-01T15:30:32.942Z [info]: POST /api/users/login 200 550 - 315.334 ms
2025-05-01T15:30:35.320Z [info]: GET /api/users/68133d7a4093f38cb1fa19f7 200 330 - 105.352 ms
2025-05-01T16:23:30.161Z [info]: GET /api/users/kavishka.chathumadura250@gmail.com 401 45 - 3.110 ms
2025-05-01T16:23:37.194Z [info]: GET /api/users/kavishka.chathumadura250@gmail.com 401 45 - 0.232 ms
2025-05-01T16:24:08.992Z [info]: GET /api/users/68133d7a4093f38cb1fa19f7 401 45 - 0.240 ms
2025-05-01T16:24:10.704Z [info]: GET /api/users/68133d7a4093f38cb1fa19f7 401 45 - 0.319 ms
2025-05-01T16:45:46.307Z [info]: POST /api/users/login 401 27 - 143.693 ms
2025-05-01T16:45:49.897Z [info]: POST /api/users/login 200 565 - 472.997 ms
2025-05-01T16:45:53.771Z [info]: GET /api/users/680e4fa9ed87641863d21cf1 200 345 - 159.624 ms
2025-05-01T17:17:50.593Z [info]: POST /api/vehicles/vregister 201 1367 - 520.345 ms
2025-05-01T17:20:54.628Z [info]: POST /api/vehicles/vregister 500 27 - 141.207 ms
2025-05-01T17:20:55.540Z [info]: POST /api/vehicles/vregister 500 27 - 128.018 ms
2025-05-01T17:20:56.418Z [info]: POST /api/vehicles/vregister 500 27 - 134.127 ms
2025-05-01T17:21:03.949Z [info]: POST /api/vehicles/vregister 201 1367 - 1148.069 ms
2025-05-01T17:25:25.819Z [info]: POST /api/vehicles/vregister 201 1367 - 362.603 ms
2025-05-01T17:37:55.587Z [info]: POST /api/vehicles/vregister 201 1367 - 288.955 ms
2025-05-01T20:05:26.261Z [info]: POST /api/users/login 200 550 - 1094.526 ms
2025-05-01T21:03:45.397Z [info]: POST /api/users/login 200 565 - 291.261 ms
2025-05-01T21:05:22.086Z [info]: GET /api/dashboard 200 781 - 243.947 ms
2025-05-01T21:05:55.174Z [info]: POST /api/allocate_slot 400 35 - 122.253 ms
2025-05-01T21:06:04.291Z [info]: POST /api/allocate_slot 400 35 - 96.871 ms
2025-05-01T21:06:19.638Z [info]: POST /api/allocate_slot 400 35 - 114.510 ms
2025-05-01T21:10:25.067Z [info]: POST /api/allocate_slot 200 10 - 434.278 ms
2025-05-01T21:10:25.322Z [info]: GET /api/dashboard 200 933 - 221.198 ms
2025-05-01T21:10:55.271Z [info]: POST /api/allocate_slot 200 10 - 431.358 ms
2025-05-01T21:10:55.489Z [info]: GET /api/dashboard 200 1094 - 213.743 ms
2025-05-01T21:11:36.197Z [info]: GET /api/dashboard 304 - - 222.646 ms
2025-05-01T21:30:48.570Z [info]: POST /api/users/login 200 565 - 380.479 ms
2025-05-01T21:30:52.417Z [info]: GET /api/dashboard 304 - - 204.593 ms
2025-05-01T21:31:36.639Z [info]: POST /api/allocate_slot 200 10 - 367.015 ms
2025-05-01T21:31:36.845Z [info]: GET /api/dashboard 200 1262 - 200.646 ms
2025-05-01T21:31:56.560Z [info]: POST /api/allocate_slot 200 10 - 452.388 ms
2025-05-01T21:31:56.784Z [info]: GET /api/dashboard 200 1429 - 214.765 ms
2025-05-01T21:32:09.658Z [info]: POST /api/allocate_slot 200 10 - 440.448 ms
2025-05-01T21:32:09.882Z [info]: GET /api/dashboard 200 1596 - 217.975 ms
2025-05-01T21:32:40.146Z [info]: POST /api/allocate_slot 200 10 - 312.247 ms
2025-05-01T21:32:40.365Z [info]: GET /api/dashboard 200 1763 - 214.800 ms
2025-05-01T21:38:02.098Z [info]: GET /api/dashboard 304 - - 210.154 ms
2025-05-01T21:39:02.507Z [info]: GET /api/dashboard 200 1607 - 229.935 ms
2025-05-01T21:39:20.730Z [info]: GET /api/dashboard 304 - - 224.068 ms
2025-05-01T21:42:22.150Z [info]: GET /api/dashboard 200 1703 - 225.388 ms
2025-05-01T21:43:08.774Z [info]: POST /api/allocate_slot 200 10 - 330.903 ms
2025-05-01T21:43:09.003Z [info]: GET /api/dashboard 200 1887 - 216.146 ms
2025-05-01T21:43:55.630Z [info]: POST /api/allocate_slot 200 10 - 341.963 ms
2025-05-01T21:43:55.849Z [info]: GET /api/dashboard 200 2071 - 211.411 ms
2025-05-01T21:44:13.512Z [info]: GET /api/dashboard 200 1993 - 212.294 ms
2025-05-01T21:52:54.441Z [info]: GET /api/dashboard 304 - - 856.672 ms
2025-05-01T21:52:57.894Z [info]: GET /api/dashboard 304 - - 215.040 ms
2025-05-01T21:53:04.036Z [info]: POST /api/allocate_slot 200 10 - 342.995 ms
2025-05-01T21:53:04.273Z [info]: GET /api/dashboard 200 2177 - 226.019 ms
2025-05-01T21:53:22.119Z [info]: POST /api/allocate_slot 200 11 - 331.601 ms
2025-05-01T21:53:22.328Z [info]: GET /api/dashboard 200 2361 - 200.586 ms
2025-05-01T21:53:39.975Z [info]: POST /api/allocate_slot 200 10 - 2105.395 ms
2025-05-01T21:53:40.272Z [info]: GET /api/dashboard 200 1812 - 291.940 ms
2025-05-01T21:53:40.485Z [info]: POST /api/allocate_slot 200 10 - 953.552 ms
2025-05-01T21:53:40.556Z [info]: POST /api/allocate_slot 200 10 - 832.685 ms
2025-05-01T21:53:40.687Z [info]: GET /api/dashboard 200 2176 - 197.242 ms
2025-05-01T21:53:40.893Z [info]: GET /api/dashboard 304 - - 201.917 ms
2025-05-01T21:53:40.926Z [info]: POST /api/allocate_slot 200 10 - 1007.166 ms
2025-05-01T21:53:41.124Z [info]: GET /api/dashboard 200 2356 - 194.639 ms
2025-05-01T21:54:36.958Z [info]: POST /api/allocate_slot 200 10 - 358.067 ms
2025-05-01T21:54:37.186Z [info]: GET /api/dashboard 200 2540 - 219.510 ms
2025-05-01T21:54:51.516Z [info]: POST /api/allocate_slot 200 10 - 319.560 ms
2025-05-01T21:54:51.739Z [info]: GET /api/dashboard 200 2724 - 213.180 ms
2025-05-01T21:55:19.642Z [info]: POST /api/allocate_slot 400 35 - 1033.023 ms
2025-05-01T21:56:46.126Z [info]: GET /api/dashboard 304 - - 247.876 ms
2025-05-01T21:57:46.607Z [info]: POST /api/free_slot 200 24 - 221.877 ms
2025-05-01T21:57:46.720Z [info]: POST /api/free_slot 200 24 - 210.343 ms
2025-05-01T21:57:46.826Z [info]: GET /api/dashboard 200 2540 - 215.316 ms
2025-05-01T21:57:46.944Z [info]: POST /api/free_slot 200 24 - 211.686 ms
2025-05-01T21:57:47.047Z [info]: GET /api/dashboard 304 - - 212.782 ms
2025-05-01T21:57:47.244Z [info]: GET /api/dashboard 304 - - 195.530 ms
2025-05-01T21:57:50.086Z [info]: POST /api/free_slot 200 24 - 211.040 ms
2025-05-01T21:57:50.314Z [info]: POST /api/free_slot 200 24 - 219.393 ms
2025-05-01T21:57:50.318Z [info]: GET /api/dashboard 200 2536 - 226.104 ms
2025-05-01T21:57:50.524Z [info]: GET /api/dashboard 304 - - 202.142 ms
2025-05-01T21:57:51.534Z [info]: POST /api/free_slot 200 24 - 211.419 ms
2025-05-01T21:57:51.745Z [info]: GET /api/dashboard 200 2532 - 207.142 ms
2025-05-01T21:57:51.750Z [info]: POST /api/free_slot 200 24 - 205.894 ms
2025-05-01T21:57:51.963Z [info]: GET /api/dashboard 304 - - 210.187 ms
2025-05-01T21:57:55.326Z [info]: GET /api/dashboard 304 - - 235.420 ms
2025-05-01T21:58:12.498Z [info]: GET /api/dashboard 304 - - 202.569 ms
2025-05-01T21:58:15.044Z [info]: GET /api/dashboard 304 - - 226.977 ms
2025-05-01T21:58:16.834Z [info]: POST /api/free_slot 200 24 - 213.332 ms
2025-05-01T21:58:17.030Z [info]: GET /api/dashboard 200 2348 - 191.796 ms
2025-05-01T21:58:17.047Z [info]: POST /api/free_slot 200 24 - 201.230 ms
2025-05-01T21:58:17.270Z [info]: GET /api/dashboard 304 - - 219.001 ms
2025-05-01T21:58:24.074Z [info]: POST /api/free_slot 200 24 - 221.171 ms
2025-05-01T21:58:24.273Z [info]: POST /api/free_slot 200 24 - 198.191 ms
2025-05-01T21:58:24.287Z [info]: GET /api/dashboard 200 2344 - 203.508 ms
2025-05-01T21:58:24.502Z [info]: GET /api/dashboard 304 - - 213.044 ms
2025-05-01T21:58:28.112Z [info]: GET /api/dashboard 304 - - 233.103 ms
2025-05-01T21:58:36.595Z [info]: POST /api/free_slot 200 24 - 240.099 ms
2025-05-01T21:58:36.806Z [info]: GET /api/dashboard 200 2340 - 207.267 ms
2025-05-01T21:58:41.958Z [info]: POST /api/free_slot 200 24 - 231.071 ms
2025-05-01T21:58:42.176Z [info]: GET /api/dashboard 200 2156 - 210.767 ms
2025-05-01T22:01:03.060Z [info]: GET /api/dashboard 304 - - 215.481 ms
2025-05-01T22:01:32.647Z [info]: GET /api/dashboard 304 - - 211.622 ms
2025-05-01T22:45:25.858Z [info]: GET /api/dashboard 200 1753 - 4.658 ms
2025-05-01T22:46:06.949Z [info]: POST /api/allocate_slot 200 10 - 16.987 ms
2025-05-01T22:46:06.956Z [info]: GET /api/dashboard 200 1934 - 2.268 ms
2025-05-01T22:46:35.453Z [info]: POST /api/allocate_slot 200 10 - 6.309 ms
2025-05-01T22:46:35.457Z [info]: GET /api/dashboard 200 2115 - 1.335 ms
2025-05-01T22:47:02.455Z [info]: POST /api/allocate_slot 200 11 - 5.803 ms
2025-05-01T22:47:02.460Z [info]: GET /api/dashboard 200 2298 - 1.991 ms
2025-05-01T22:47:15.485Z [info]: POST /api/free_slot 200 24 - 3.860 ms
2025-05-01T22:47:15.492Z [info]: GET /api/dashboard 200 2116 - 3.158 ms
2025-05-01T22:47:28.422Z [info]: POST /api/free_slot 200 24 - 11.353 ms
2025-05-01T22:47:28.430Z [info]: GET /api/dashboard 200 1933 - 2.341 ms
2025-05-01T22:48:16.157Z [info]: POST /api/allocate_slot 200 10 - 7.289 ms
2025-05-01T22:48:16.165Z [info]: GET /api/dashboard 200 2114 - 3.017 ms
2025-05-01T22:48:40.849Z [info]: POST /api/allocate_slot 200 10 - 7.593 ms
2025-05-01T22:48:40.854Z [info]: GET /api/dashboard 200 2295 - 1.978 ms
2025-05-01T22:49:01.361Z [info]: POST /api/allocate_slot 200 11 - 8.674 ms
2025-05-01T22:49:01.370Z [info]: GET /api/dashboard 200 2477 - 2.955 ms
2025-05-01T22:49:28.300Z [info]: POST /api/allocate_slot 200 11 - 11.027 ms
2025-05-01T22:49:28.306Z [info]: GET /api/dashboard 200 2660 - 1.997 ms
2025-05-01T22:49:48.881Z [info]: POST /api/allocate_slot 200 10 - 6.340 ms
2025-05-01T22:49:48.886Z [info]: GET /api/dashboard 200 2841 - 1.414 ms
2025-05-01T22:50:02.770Z [info]: GET /api/dashboard 200 2841 - 2.899 ms
2025-05-01T22:50:08.582Z [info]: GET /api/dashboard 200 2841 - 1.812 ms
2025-05-01T22:50:09.786Z [info]: GET /api/dashboard 200 2841 - 1.708 ms
2025-05-01T22:50:10.912Z [info]: GET /api/dashboard 200 2841 - 0.731 ms
2025-05-01T22:50:11.323Z [info]: GET /api/dashboard 200 2841 - 0.938 ms
2025-05-01T22:52:12.720Z [info]: GET /api/dashboard 304 - - 4.061 ms
2025-05-01T22:52:32.608Z [info]: POST /api/allocate_slot 200 10 - 7.152 ms
2025-05-01T22:52:32.613Z [info]: GET /api/dashboard 200 3023 - 1.041 ms
2025-05-01T22:52:59.330Z [info]: POST /api/allocate_slot 200 11 - 7.097 ms
2025-05-01T22:52:59.339Z [info]: GET /api/dashboard 200 3206 - 2.799 ms
2025-05-01T22:55:00.173Z [info]: GET /api/dashboard 304 - - 3.582 ms
2025-05-01T23:00:34.818Z [info]: GET /api/dashboard 304 - - 3.793 ms
2025-05-01T23:04:49.845Z [info]: GET /api/dashboard 304 - - 4.471 ms
2025-05-01T23:05:22.630Z [info]: POST /api/allocate_slot 200 11 - 10.039 ms
2025-05-01T23:05:22.635Z [info]: GET /api/dashboard 200 3389 - 1.103 ms
2025-05-01T23:05:29.283Z [info]: POST /api/allocate_slot 200 11 - 7.069 ms
2025-05-01T23:05:29.288Z [info]: GET /api/dashboard 200 3572 - 1.717 ms
2025-05-01T23:05:48.416Z [info]: POST /api/allocate_slot 200 11 - 19.937 ms
2025-05-01T23:05:48.422Z [info]: GET /api/dashboard 200 3755 - 1.889 ms
2025-05-01T23:05:52.509Z [info]: POST /api/free_slot 200 24 - 3.893 ms
2025-05-01T23:05:52.512Z [info]: GET /api/dashboard 200 3572 - 1.147 ms
2025-05-01T23:05:53.384Z [info]: POST /api/free_slot 200 24 - 4.245 ms
2025-05-01T23:05:53.389Z [info]: GET /api/dashboard 200 3389 - 1.595 ms
2025-05-01T23:05:56.525Z [info]: POST /api/free_slot 200 24 - 4.304 ms
2025-05-01T23:05:56.529Z [info]: GET /api/dashboard 200 3206 - 1.115 ms
2025-05-01T23:05:57.226Z [info]: POST /api/free_slot 200 24 - 7.254 ms
2025-05-01T23:05:57.233Z [info]: GET /api/dashboard 200 3024 - 1.565 ms
2025-05-01T23:05:57.964Z [info]: POST /api/free_slot 200 24 - 3.948 ms
2025-05-01T23:05:57.968Z [info]: GET /api/dashboard 200 2843 - 1.234 ms
2025-05-01T23:05:58.739Z [info]: POST /api/free_slot 200 24 - 4.928 ms
2025-05-01T23:05:58.745Z [info]: GET /api/dashboard 200 2662 - 1.392 ms
2025-05-01T23:06:12.144Z [info]: POST /api/allocate_slot 200 11 - 10.542 ms
2025-05-01T23:06:12.149Z [info]: GET /api/dashboard 200 2845 - 1.379 ms
2025-05-01T23:06:59.515Z [info]: POST /api/allocate_slot 200 11 - 6.645 ms
2025-05-01T23:06:59.520Z [info]: GET /api/dashboard 200 3027 - 1.515 ms
2025-05-01T23:07:11.020Z [info]: POST /api/allocate_slot 200 11 - 12.598 ms
2025-05-01T23:07:11.027Z [info]: GET /api/dashboard 200 3210 - 3.074 ms
2025-05-01T23:09:00.839Z [info]: GET /api/dashboard 304 - - 7.941 ms
2025-05-01T23:09:08.458Z [info]: POST /api/allocate_slot 200 10 - 11.146 ms
2025-05-01T23:09:08.462Z [info]: GET /api/dashboard 200 3392 - 1.444 ms
2025-05-01T23:09:22.283Z [info]: POST /api/allocate_slot 200 11 - 7.019 ms
2025-05-01T23:09:22.296Z [info]: GET /api/dashboard 200 3564 - 5.634 ms
2025-05-01T23:09:41.385Z [info]: POST /api/allocate_slot 200 10 - 13.322 ms
2025-05-01T23:09:41.395Z [info]: GET /api/dashboard 200 3574 - 4.201 ms
2025-05-01T23:09:58.829Z [info]: POST /api/allocate_slot 200 10 - 20.558 ms
2025-05-01T23:09:58.836Z [info]: GET /api/dashboard 200 3755 - 3.289 ms
2025-05-01T23:10:14.050Z [info]: POST /api/allocate_slot 200 11 - 9.906 ms
2025-05-01T23:10:14.058Z [info]: GET /api/dashboard 200 3938 - 3.598 ms
2025-05-01T23:13:50.713Z [info]: POST /api/allocate_slot 200 11 - 12.788 ms
2025-05-01T23:13:50.722Z [info]: GET /api/dashboard 200 3938 - 2.064 ms
2025-05-01T23:13:57.021Z [info]: POST /api/free_slot 200 24 - 3.912 ms
2025-05-01T23:13:57.026Z [info]: GET /api/dashboard 200 3755 - 1.310 ms
2025-05-01T23:14:19.765Z [info]: POST /api/allocate_slot 200 11 - 28.406 ms
2025-05-01T23:14:19.772Z [info]: GET /api/dashboard 200 3937 - 2.079 ms
2025-05-01T23:14:39.576Z [info]: POST /api/allocate_slot 200 11 - 9.105 ms
2025-05-01T23:14:39.580Z [info]: GET /api/dashboard 200 4120 - 1.518 ms
2025-05-01T23:15:23.067Z [info]: POST /api/allocate_slot 200 11 - 9.249 ms
2025-05-01T23:15:23.073Z [info]: GET /api/dashboard 200 4302 - 1.940 ms
2025-05-01T23:16:07.224Z [info]: POST /api/allocate_slot 200 11 - 12.236 ms
2025-05-01T23:16:07.228Z [info]: GET /api/dashboard 200 4302 - 1.856 ms
2025-05-01T23:17:25.198Z [info]: POST /api/allocate_slot 200 11 - 31.508 ms
2025-05-01T23:17:25.209Z [info]: GET /api/dashboard 200 4303 - 1.995 ms
2025-05-01T23:17:51.582Z [info]: POST /api/allocate_slot 200 11 - 10.591 ms
2025-05-01T23:17:51.587Z [info]: GET /api/dashboard 200 4303 - 1.535 ms
2025-05-01T23:20:16.171Z [info]: GET /api/dashboard 304 - - 4.708 ms
2025-05-01T23:20:34.290Z [info]: POST /api/allocate_slot 200 11 - 10.776 ms
2025-05-01T23:20:34.296Z [info]: GET /api/dashboard 200 4303 - 1.418 ms
2025-05-01T23:20:39.599Z [info]: GET /api/dashboard 304 - - 2.962 ms
2025-05-01T23:20:44.268Z [info]: POST /api/allocate_slot 200 10 - 11.818 ms
2025-05-01T23:20:44.273Z [info]: GET /api/dashboard 200 4485 - 1.520 ms
2025-05-01T23:22:31.834Z [info]: GET /api/dashboard 304 - - 3.514 ms
2025-05-01T23:22:41.863Z [info]: POST /api/allocate_slot 200 11 - 11.144 ms
2025-05-01T23:22:41.871Z [info]: GET /api/dashboard 200 4668 - 2.011 ms
2025-05-01T23:22:49.926Z [info]: GET /api/dashboard 304 - - 3.097 ms
2025-05-01T23:23:00.780Z [info]: GET /api/dashboard 304 - - 1.506 ms
2025-05-01T23:23:09.310Z [info]: POST /api/allocate_slot 400 61 - 7.482 ms
2025-05-01T23:23:18.213Z [info]: POST /api/free_slot 200 24 - 5.102 ms
2025-05-01T23:23:18.220Z [info]: GET /api/dashboard 200 4486 - 1.293 ms
2025-05-01T23:23:19.929Z [info]: POST /api/free_slot 200 24 - 4.243 ms
2025-05-01T23:23:19.935Z [info]: GET /api/dashboard 200 4305 - 1.685 ms
2025-05-01T23:23:20.738Z [info]: POST /api/free_slot 200 24 - 6.881 ms
2025-05-01T23:23:20.744Z [info]: GET /api/dashboard 200 4123 - 1.327 ms
2025-05-01T23:23:21.492Z [info]: POST /api/free_slot 200 24 - 4.785 ms
2025-05-01T23:23:21.496Z [info]: GET /api/dashboard 200 3940 - 1.358 ms
2025-05-01T23:23:23.417Z [info]: POST /api/allocate_slot 200 10 - 9.583 ms
2025-05-01T23:23:23.421Z [info]: GET /api/dashboard 200 4122 - 1.468 ms
2025-05-01T23:25:26.997Z [info]: GET /api/dashboard 304 - - 9.774 ms
2025-05-01T23:25:51.806Z [info]: GET /api/dashboard 304 - - 4.280 ms
2025-05-01T23:26:01.953Z [info]: POST /api/allocate_slot 200 10 - 10.647 ms
2025-05-01T23:26:01.959Z [info]: GET /api/dashboard 200 4303 - 1.716 ms
2025-05-01T23:26:21.149Z [info]: POST /api/allocate_slot 200 11 - 37.724 ms
2025-05-01T23:26:21.155Z [info]: GET /api/dashboard 200 4475 - 2.246 ms
2025-05-01T23:26:38.158Z [info]: POST /api/allocate_slot 200 11 - 16.845 ms
2025-05-01T23:26:38.162Z [info]: GET /api/dashboard 200 4486 - 1.772 ms
2025-05-01T23:27:02.427Z [info]: POST /api/allocate_slot 200 11 - 18.246 ms
2025-05-01T23:27:02.433Z [info]: GET /api/dashboard 200 4669 - 2.013 ms
2025-05-01T23:27:16.105Z [info]: POST /api/allocate_slot 200 11 - 13.480 ms
2025-05-01T23:27:16.109Z [info]: GET /api/dashboard 200 4851 - 1.568 ms
2025-05-01T23:27:19.578Z [info]: POST /api/free_slot 200 24 - 4.413 ms
2025-05-01T23:27:19.582Z [info]: GET /api/dashboard 200 4669 - 1.148 ms
2025-05-01T23:27:20.262Z [info]: POST /api/free_slot 200 24 - 4.499 ms
2025-05-01T23:27:20.266Z [info]: GET /api/dashboard 200 4487 - 1.325 ms
2025-05-01T23:27:35.099Z [info]: POST /api/allocate_slot 200 11 - 14.812 ms
2025-05-01T23:27:35.105Z [info]: GET /api/dashboard 200 4659 - 1.628 ms
2025-05-01T23:27:38.324Z [info]: GET /api/dashboard 304 - - 2.833 ms
2025-05-01T23:27:50.009Z [info]: POST /api/allocate_slot 200 11 - 9.730 ms
2025-05-01T23:27:50.014Z [info]: GET /api/dashboard 200 4669 - 1.022 ms
2025-05-01T23:27:58.545Z [info]: GET /api/dashboard 304 - - 3.558 ms
2025-05-01T23:28:09.563Z [info]: POST /api/allocate_slot 200 11 - 8.078 ms
2025-05-01T23:28:09.568Z [info]: GET /api/dashboard 200 4669 - 1.386 ms
2025-05-01T23:28:14.979Z [info]: POST /api/free_slot 200 24 - 3.972 ms
2025-05-01T23:28:14.983Z [info]: GET /api/dashboard 200 4487 - 1.310 ms
2025-05-01T23:28:30.228Z [info]: POST /api/allocate_slot 200 11 - 8.333 ms
2025-05-01T23:28:30.232Z [info]: GET /api/dashboard 200 4669 - 1.129 ms
2025-05-01T23:32:36.643Z [info]: GET /api/dashboard 304 - - 3.661 ms
2025-05-01T23:32:41.678Z [info]: GET /api/dashboard 304 - - 1.209 ms
2025-05-01T23:32:49.776Z [info]: POST /api/allocate_slot 200 11 - 9.639 ms
2025-05-01T23:32:49.781Z [info]: GET /api/dashboard 200 4672 - 1.085 ms
2025-05-01T23:33:00.262Z [info]: POST /api/allocate_slot 400 61 - 9.664 ms
2025-05-01T23:33:18.726Z [info]: POST /api/allocate_slot 200 11 - 9.684 ms
2025-05-01T23:33:18.731Z [info]: GET /api/dashboard 200 4855 - 1.681 ms
2025-05-01T23:33:42.931Z [info]: POST /api/allocate_slot 200 11 - 15.670 ms
2025-05-01T23:33:42.938Z [info]: GET /api/dashboard 200 4854 - 1.400 ms
2025-05-01T23:33:51.089Z [info]: GET /api/dashboard 304 - - 3.717 ms
2025-05-01T23:34:02.003Z [info]: POST /api/allocate_slot 200 11 - 7.087 ms
2025-05-01T23:34:02.008Z [info]: GET /api/dashboard 200 4854 - 1.124 ms
2025-05-01T23:34:34.301Z [info]: POST /api/allocate_slot 200 11 - 10.492 ms
2025-05-01T23:34:34.305Z [info]: GET /api/dashboard 200 4855 - 1.161 ms
2025-05-01T23:34:49.092Z [info]: POST /api/free_slot 200 24 - 3.665 ms
2025-05-01T23:34:49.104Z [info]: GET /api/dashboard 200 4674 - 4.371 ms
2025-05-01T23:34:50.205Z [info]: POST /api/free_slot 200 24 - 4.435 ms
2025-05-01T23:34:50.211Z [info]: GET /api/dashboard 200 4491 - 1.479 ms
2025-05-01T23:34:51.513Z [info]: POST /api/free_slot 200 24 - 4.757 ms
2025-05-01T23:34:51.518Z [info]: GET /api/dashboard 200 4308 - 1.156 ms
2025-05-01T23:34:52.331Z [info]: POST /api/free_slot 200 24 - 4.964 ms
2025-05-01T23:34:52.336Z [info]: GET /api/dashboard 200 4126 - 1.457 ms
2025-05-01T23:34:53.040Z [info]: POST /api/free_slot 200 24 - 4.241 ms
2025-05-01T23:34:53.046Z [info]: GET /api/dashboard 200 3941 - 1.716 ms
2025-05-01T23:34:54.539Z [info]: POST /api/free_slot 200 24 - 3.714 ms
2025-05-01T23:34:54.542Z [info]: GET /api/dashboard 200 3759 - 1.056 ms
2025-05-01T23:34:55.207Z [info]: POST /api/free_slot 200 24 - 4.596 ms
2025-05-01T23:34:55.214Z [info]: GET /api/dashboard 200 3576 - 1.215 ms
2025-05-01T23:34:55.906Z [info]: POST /api/free_slot 200 24 - 6.281 ms
2025-05-01T23:34:55.910Z [info]: GET /api/dashboard 200 3395 - 1.328 ms
2025-05-01T23:35:10.580Z [info]: POST /api/allocate_slot 200 11 - 9.601 ms
2025-05-01T23:35:10.585Z [info]: GET /api/dashboard 200 3578 - 1.529 ms
2025-05-01T23:36:04.990Z [info]: POST /api/allocate_slot 200 11 - 9.113 ms
2025-05-01T23:36:04.997Z [info]: GET /api/dashboard 200 3581 - 1.489 ms
2025-05-01T23:40:55.737Z [info]: GET /api/dashboard 304 - - 12.480 ms
2025-05-01T23:40:58.348Z [info]: GET /api/dashboard 304 - - 3.155 ms
2025-05-01T23:41:15.334Z [info]: POST /api/allocate_slot 200 11 - 46.977 ms
2025-05-01T23:41:15.344Z [info]: GET /api/dashboard 200 3763 - 3.683 ms
2025-05-01T23:47:17.603Z [info]: GET /api/dashboard 304 - - 17.403 ms
2025-05-01T23:47:29.531Z [info]: POST /api/allocate_slot 200 11 - 15.781 ms
2025-05-01T23:47:29.537Z [info]: GET /api/dashboard 200 3763 - 1.696 ms
2025-05-01T23:53:18.362Z [info]: GET /api/dashboard 304 - - 4.306 ms
2025-05-01T23:53:30.351Z [info]: POST /api/allocate_slot 200 11 - 11.777 ms
2025-05-01T23:53:30.359Z [info]: GET /api/dashboard 200 3764 - 1.474 ms
2025-05-02T00:04:08.600Z [info]: GET /api/dashboard 304 - - 3.884 ms
2025-05-02T00:04:41.269Z [info]: GET /api/dashboard 304 - - 3.598 ms
2025-05-02T00:06:56.848Z [info]: GET /api/dashboard 304 - - 3.334 ms
2025-05-02T00:06:58.500Z [info]: GET /api/dashboard 304 - - 1.402 ms
2025-05-02T00:06:59.398Z [info]: GET /api/dashboard 304 - - 1.915 ms
2025-05-02T00:06:59.622Z [info]: GET /api/dashboard 304 - - 0.907 ms
2025-05-02T00:07:52.141Z [info]: GET /api/dashboard 304 - - 2.965 ms
2025-05-02T00:07:52.925Z [info]: GET /api/dashboard 304 - - 1.099 ms
2025-05-02T00:07:53.066Z [info]: GET /api/dashboard 304 - - 1.036 ms
2025-05-02T00:07:53.194Z [info]: GET /api/dashboard 304 - - 1.341 ms
2025-05-02T00:07:53.429Z [info]: GET /api/dashboard 304 - - 0.851 ms
2025-05-02T00:08:01.557Z [info]: POST /api/allocate_slot 200 11 - 8.634 ms
2025-05-02T00:08:01.562Z [info]: GET /api/dashboard 200 3764 - 1.222 ms
2025-05-02T00:08:10.631Z [info]: POST /api/allocate_slot 200 11 - 8.643 ms
2025-05-02T00:08:10.641Z [info]: GET /api/dashboard 200 3767 - 4.245 ms
2025-05-02T00:08:22.803Z [info]: POST /api/allocate_slot 200 11 - 8.113 ms
2025-05-02T00:08:22.810Z [info]: GET /api/dashboard 200 3949 - 1.723 ms
2025-05-02T00:22:21.181Z [info]: POST /api/allocate_slot 200 10 - 25.562 ms
2025-05-02T00:22:21.189Z [info]: GET /api/dashboard 200 3951 - 1.789 ms
2025-05-02T00:57:56.451Z [info]: POST /api/leavetime 404 153 - 2.265 ms
2025-05-02T01:01:13.014Z [info]: POST /api/leavetime/assign 404 160 - 1.209 ms
2025-05-02T01:02:13.493Z [info]: POST /api/leavetime/assign 201 49 - 140.862 ms
2025-05-02T01:03:32.613Z [info]: GET /api/users/680e4fa9ed87641863d21cf1 401 37 - 3.972 ms
2025-05-02T01:03:36.283Z [info]: GET /api/users/680e4fa9ed87641863d21cf1 401 37 - 1.297 ms
2025-05-02T01:04:50.591Z [info]: GET /api/dashboard 304 - - 2.866 ms
2025-05-02T01:26:51.954Z [info]: GET /api/leavetime/latest 200 277 - 165.115 ms
2025-05-02T01:30:59.732Z [info]: GET /api/leavetime/latest 304 - - 212.331 ms
2025-05-02T01:32:14.716Z [info]: GET /api/leavetime/latest 500 94 - 161.012 ms
2025-05-02T01:33:55.278Z [info]: GET /api/leavetime/latest 200 277 - 127.040 ms
2025-05-02T01:50:00.022Z [info]: GET /api/leavetime/latest 304 - - 149.170 ms
2025-05-02T01:50:00.118Z [info]: POST /api/allocate_slot 200 10 - 33.518 ms
2025-05-02T01:51:18.099Z [info]: GET /api/leavetime/latest 304 - - 145.138 ms
2025-05-02T01:51:18.124Z [info]: POST /api/allocate_slot 200 11 - 9.188 ms
2025-05-02T01:54:14.750Z [info]: POST /api/leavetime/assign 201 49 - 142.422 ms
2025-05-02T01:54:52.506Z [info]: GET /api/leavetime/latest 200 277 - 112.538 ms
2025-05-02T01:54:52.524Z [info]: POST /api/allocate_slot 200 11 - 10.009 ms
2025-05-02T01:56:41.526Z [info]: POST /api/users/login 200 565 - 378.233 ms
2025-05-02T01:58:38.445Z [info]: POST /api/leavetime/assign 201 49 - 140.062 ms
2025-05-02T02:00:11.879Z [info]: GET /api/leavetime/latest 500 94 - 138.096 ms
2025-05-02T02:00:30.654Z [info]: GET /api/leavetime/latest 200 277 - 1201.327 ms
2025-05-02T02:00:30.685Z [info]: POST /api/allocate_slot 400 62 - 23.213 ms
2025-05-02T02:15:36.758Z [info]: GET /api/leavetime/latest 304 - - 785.402 ms
2025-05-02T02:15:36.774Z [info]: POST /api/allocate_slot 400 62 - 5.527 ms
2025-05-02T02:15:53.959Z [info]: POST /api/users/login 200 550 - 286.962 ms
2025-05-02T02:16:15.943Z [info]: GET /api/leavetime/latest 304 - - 122.740 ms
2025-05-02T02:16:15.955Z [info]: POST /api/allocate_slot 400 62 - 2.968 ms
2025-05-02T02:16:38.656Z [info]: GET /api/leavetime/latest 304 - - 125.994 ms
2025-05-02T02:16:38.666Z [info]: POST /api/allocate_slot 400 62 - 2.799 ms
2025-05-02T02:17:38.058Z [info]: GET /api/leavetime/latest 304 - - 125.778 ms
2025-05-02T02:17:38.089Z [info]: POST /api/allocate_slot 400 62 - 9.479 ms
2025-05-02T02:18:52.963Z [info]: GET /api/dashboard 200 4324 - 25.446 ms
2025-05-02T02:19:25.682Z [info]: GET /api/leavetime/latest 304 - - 141.214 ms
2025-05-02T02:19:25.706Z [info]: POST /api/allocate_slot 400 62 - 8.685 ms
2025-05-02T02:24:59.228Z [info]: POST /api/users/login 200 550 - 401.400 ms
2025-05-02T02:31:31.919Z [info]: POST /api/users/login 200 565 - 336.507 ms
2025-05-02T02:32:00.482Z [info]: GET /api/leavetime/latest 200 277 - 123.120 ms
2025-05-02T02:32:00.506Z [info]: POST /api/allocate_slot 400 62 - 9.465 ms
2025-05-02T02:32:26.373Z [info]: GET /api/leavetime/latest 304 - - 116.951 ms
2025-05-02T02:32:26.392Z [info]: POST /api/allocate_slot 400 62 - 5.714 ms
2025-05-02T02:32:52.614Z [info]: GET /api/users/680e4fa9ed87641863d21cf1 200 345 - 103.999 ms
2025-05-02T02:32:57.809Z [info]: GET /api/users/680e4fa9ed87641863d21cf1 304 - - 112.943 ms
2025-05-02T02:32:59.177Z [info]: GET /api/users/680e4fa9ed87641863d21cf1 304 - - 116.678 ms
2025-05-02T02:32:59.402Z [info]: GET /api/users/680e4fa9ed87641863d21cf1 304 - - 109.780 ms
2025-05-02T02:33:34.264Z [info]: GET /api/leavetime/latest 304 - - 109.732 ms
2025-05-02T02:33:34.278Z [info]: POST /api/allocate_slot 400 62 - 6.104 ms
2025-05-02T02:33:59.388Z [info]: GET /api/leavetime/latest 304 - - 116.401 ms
2025-05-02T02:33:59.399Z [info]: POST /api/allocate_slot 400 62 - 2.874 ms
2025-05-02T03:13:11.891Z [info]: POST /api/users/login 200 550 - 446.682 ms
2025-05-02T03:13:25.700Z [info]: GET /api/users/68133d7a4093f38cb1fa19f7 200 330 - 163.049 ms
2025-05-02T03:15:30.348Z [info]: GET /api/leavetime/latest 304 - - 108.928 ms
2025-05-02T03:15:30.380Z [info]: POST /api/allocate_slot 400 62 - 13.010 ms
2025-05-02T03:16:23.676Z [info]: POST /api/leavetime/assign 201 49 - 192.974 ms
2025-05-02T03:16:36.063Z [info]: POST /api/leavetime/assign 201 49 - 196.799 ms
2025-05-02T03:16:58.102Z [info]: GET /api/leavetime/latest 200 277 - 113.902 ms
2025-05-02T03:16:58.119Z [info]: POST /api/allocate_slot 400 61 - 6.752 ms
2025-05-02T03:21:57.427Z [info]: GET /api/leavetime/latest 304 - - 1074.464 ms
2025-05-02T03:21:57.459Z [info]: POST /api/allocate_slot 400 61 - 7.532 ms
2025-05-02T03:25:25.902Z [info]: GET /api/leavetime/latest 304 - - 838.016 ms
2025-05-02T03:26:14.626Z [info]: GET /api/leavetime/latest 304 - - 217.149 ms
2025-05-02T03:26:14.642Z [info]: POST /api/allocate_slot 400 61 - 6.923 ms
2025-05-02T03:27:03.719Z [info]: GET /api/leavetime/latest 304 - - 129.234 ms
2025-05-02T03:27:03.750Z [info]: POST /api/allocate_slot 400 61 - 5.249 ms
2025-05-02T03:32:41.227Z [info]: GET /api/leavetime/latest 304 - - 806.116 ms
2025-05-02T03:32:41.261Z [info]: POST /api/allocate_slot 400 61 - 21.223 ms
2025-05-02T09:11:07.585Z [info]: GET /api/leavetime/latest 304 - - 929.293 ms
2025-05-02T09:11:07.609Z [info]: POST /api/allocate_slot 400 61 - 10.083 ms
2025-05-02T09:11:33.445Z [info]: GET /api/dashboard 200 4324 - 15.243 ms
2025-05-02T09:20:41.136Z [info]: GET /api/dashboard 304 - - 4.184 ms
2025-05-02T09:21:01.213Z [info]: GET /api/dashboard 304 - - 1.452 ms
2025-05-02T09:21:11.613Z [info]: POST /api/allocate_slot 200 11 - 17.992 ms
2025-05-02T09:21:11.616Z [info]: GET /api/dashboard 200 4327 - 0.762 ms
2025-05-02T09:21:24.654Z [info]: POST /api/allocate_slot 200 11 - 12.505 ms
2025-05-02T09:21:24.661Z [info]: GET /api/dashboard 200 4512 - 1.929 ms
2025-05-02T09:30:06.620Z [info]: GET /api/leavetime/latest 304 - - 935.133 ms
2025-05-02T09:30:06.661Z [info]: POST /api/allocate_slot 400 61 - 11.199 ms
2025-05-02T09:30:41.574Z [info]: GET /api/leavetime/latest 304 - - 125.776 ms
2025-05-02T09:30:41.589Z [info]: POST /api/allocate_slot 400 61 - 3.629 ms
2025-05-02T09:40:23.177Z [info]: GET /api/leavetime/latest 304 - - 759.207 ms
2025-05-02T09:40:23.191Z [info]: POST /api/allocate_slot 400 61 - 4.500 ms
2025-05-02T09:40:44.502Z [info]: GET /api/dashboard 304 - - 4.077 ms
2025-05-02T09:40:46.675Z [info]: POST /api/free_slot 200 24 - 10.033 ms
2025-05-02T09:40:46.680Z [info]: GET /api/dashboard 200 4330 - 1.688 ms
2025-05-02T09:40:47.689Z [info]: POST /api/free_slot 200 24 - 4.661 ms
2025-05-02T09:40:47.692Z [info]: GET /api/dashboard 200 4146 - 1.048 ms
2025-05-02T09:40:48.440Z [info]: POST /api/free_slot 200 24 - 4.394 ms
2025-05-02T09:40:48.443Z [info]: GET /api/dashboard 200 3961 - 1.116 ms
2025-05-02T09:40:49.113Z [info]: POST /api/free_slot 200 24 - 7.109 ms
2025-05-02T09:40:49.119Z [info]: GET /api/dashboard 200 3775 - 1.754 ms
2025-05-02T09:40:49.848Z [info]: POST /api/free_slot 200 24 - 4.242 ms
2025-05-02T09:40:49.853Z [info]: GET /api/dashboard 200 3589 - 1.422 ms
2025-05-02T09:40:51.228Z [info]: POST /api/free_slot 200 24 - 4.774 ms
2025-05-02T09:40:51.232Z [info]: GET /api/dashboard 200 3405 - 1.251 ms
2025-05-02T09:41:04.606Z [info]: GET /api/leavetime/latest 304 - - 177.498 ms
2025-05-02T09:41:04.633Z [info]: POST /api/allocate_slot 200 10 - 11.969 ms
2025-05-02T09:44:10.381Z [info]: GET /api/leavetime/latest 304 - - 804.323 ms
2025-05-02T09:44:10.410Z [info]: POST /api/allocate_slot 200 10 - 12.206 ms
